<?xml version="1.0" encoding="UTF-8"?>
<!-- Generated by org.testng.reporters.JUnitReportReporter -->
<testsuite hostname="EGCA1-0091" failures="0" tests="1" name="test_cases.TestBase" time="38.646" errors="0" timestamp="2022-07-23T04:54:59 EET" skipped="0">
  <testcase classname="test_cases.TestBase" name="startApplication" time="38.646"/>
  <system-out/>
</testsuite> <!-- test_cases.TestBase -->
